  adler32.c
  compress.c
  crc32.c
  deflate.c
  gzclose.c
  gzlib.c
  gzread.c
gzread.c(319): warning C4267: '=': conversion from 'size_t' to 'unsigned int', possible loss of data
gzread.c(400): warning C4267: '=': conversion from 'size_t' to 'unsigned int', possible loss of data
gzread.c(472): warning C4267: '=': conversion from 'size_t' to 'int', possible loss of data
  gzwrite.c
gzwrite.c(212): warning C4267: '=': conversion from 'size_t' to 'unsigned int', possible loss of data
gzwrite.c(232): warning C4267: '=': conversion from 'size_t' to 'unsigned int', possible loss of data
gzwrite.c(371): warning C4267: '=': conversion from 'size_t' to 'int', possible loss of data
  infback.c
  inffast.c
  inflate.c
  inftrees.c
  trees.c
  uncompr.c
  zutil.c
  Generating Code...
C:\Program Files (x86)\MSBuild\Microsoft.Cpp\v4.0\V140\Microsoft.CppBuild.targets(1357,5): warning MSB8012: TargetPath(E:\Working\dbyoung\VS2015\Source\01.zlib\.\x64\Debug\zlibd.lib) does not match the Library's OutputFile property value (E:\Working\dbyoung\VS2015\Install\lib\zlibd.lib). This may cause your project to build incorrectly. To correct this, please make sure that $(OutDir), $(TargetName) and $(TargetExt) property values match the value specified in %(Lib.OutputFile).
  zlib.2015.vcxproj -> E:\Working\dbyoung\VS2015\Source\01.zlib\.\x64\Debug\zlibd.lib
