  jaricom.c
  jcapimin.c
  jcapistd.c
  jcarith.c
  jccoefct.c
  jccolor.c
  jcdctmgr.c
  jchuff.c
  jcinit.c
  jcmainct.c
  jcmarker.c
  jcmaster.c
  jcomapi.c
  jcparam.c
  jcprepct.c
  jcsample.c
  jctrans.c
  jdapimin.c
  jdapistd.c
  jdarith.c
  Generating Code...
  Compiling...
  jdatadst.c
jdatadst.c(185): warning C4267: '=': conversion from 'size_t' to 'unsigned long', possible loss of data
  jdatasrc.c
  jdcoefct.c
  jdcolor.c
  jddctmgr.c
  jdhuff.c
  jdinput.c
  jdmainct.c
  jdmarker.c
  jdmaster.c
  jdmerge.c
  jdpostct.c
  jdsample.c
  jdtrans.c
  jerror.c
  jfdctflt.c
  jfdctfst.c
  jfdctint.c
  jidctflt.c
  jidctfst.c
  Generating Code...
  Compiling...
  jidctint.c
  jmemmgr.c
jmemmgr.c(307): warning C4267: '+=': conversion from 'size_t' to 'long', possible loss of data
jmemmgr.c(367): warning C4267: '+=': conversion from 'size_t' to 'long', possible loss of data
jmemmgr.c(977): warning C4267: '-=': conversion from 'size_t' to 'long', possible loss of data
jmemmgr.c(991): warning C4267: '-=': conversion from 'size_t' to 'long', possible loss of data
  jmemnobs.c
  jquant1.c
  jquant2.c
  jutils.c
  transupp.c
  Generating Code...
C:\Program Files (x86)\MSBuild\Microsoft.Cpp\v4.0\V140\Microsoft.CppBuild.targets(1357,5): warning MSB8012: TargetPath(E:\Working\dbyoung\VS2015\Source\02.libJPEG\.\x64\Release\LibJPEG.lib) does not match the Library's OutputFile property value (E:\Working\dbyoung\VS2015\Install\lib\LibJPEG.lib). This may cause your project to build incorrectly. To correct this, please make sure that $(OutDir), $(TargetName) and $(TargetExt) property values match the value specified in %(Lib.OutputFile).
  libJPEG.2015.vcxproj -> E:\Working\dbyoung\VS2015\Source\02.libJPEG\.\x64\Release\LibJPEG.lib
